<?xml version="1.0" encoding="UTF-8"?>
<testsuite name="findCoverageAPI" tests="56" skipped="0" failures="0" errors="0" timestamp="2022-05-13T14:14:47" hostname="LAPTOP-95OL2K9N" time="19.305">
  <properties/>
  <testcase name="Test 1" classname="findCoverageAPI" time="2.853"/>
  <testcase name="Test 2" classname="findCoverageAPI" time="0.319"/>
  <testcase name="Test 3" classname="findCoverageAPI" time="0.338"/>
  <testcase name="Test 4" classname="findCoverageAPI" time="0.286"/>
  <testcase name="Test 5" classname="findCoverageAPI" time="0.293"/>
  <testcase name="Test 6" classname="findCoverageAPI" time="0.305"/>
  <testcase name="Test 7" classname="findCoverageAPI" time="0.301"/>
  <testcase name="Test 8" classname="findCoverageAPI" time="0.295"/>
  <testcase name="Test 9" classname="findCoverageAPI" time="0.327"/>
  <testcase name="Test 10" classname="findCoverageAPI" time="0.326"/>
  <testcase name="Test 11" classname="findCoverageAPI" time="0.317"/>
  <testcase name="Test 12" classname="findCoverageAPI" time="0.334"/>
  <testcase name="Test 13" classname="findCoverageAPI" time="0.559"/>
  <testcase name="Test 14" classname="findCoverageAPI" time="0.328"/>
  <testcase name="Test 15" classname="findCoverageAPI" time="0.345"/>
  <testcase name="Test 16" classname="findCoverageAPI" time="0.325"/>
  <testcase name="Test 17" classname="findCoverageAPI" time="0.277"/>
  <testcase name="Test 18" classname="findCoverageAPI" time="0.299"/>
  <testcase name="Test 19" classname="findCoverageAPI" time="0.294"/>
  <testcase name="Test 20" classname="findCoverageAPI" time="0.294"/>
  <testcase name="Test 21" classname="findCoverageAPI" time="0.303"/>
  <testcase name="Test 22" classname="findCoverageAPI" time="0.295"/>
  <testcase name="Test 23" classname="findCoverageAPI" time="0.274"/>
  <testcase name="Test 24" classname="findCoverageAPI" time="0.291"/>
  <testcase name="Test 25" classname="findCoverageAPI" time="0.276"/>
  <testcase name="Test 26" classname="findCoverageAPI" time="0.29"/>
  <testcase name="Test 27" classname="findCoverageAPI" time="0.291"/>
  <testcase name="Test 28" classname="findCoverageAPI" time="0.318"/>
  <testcase name="Test 29" classname="findCoverageAPI" time="0.288"/>
  <testcase name="Test 30" classname="findCoverageAPI" time="0.267"/>
  <testcase name="Test 31" classname="findCoverageAPI" time="0.296"/>
  <testcase name="Test 32" classname="findCoverageAPI" time="0.275"/>
  <testcase name="Test 33" classname="findCoverageAPI" time="0.277"/>
  <testcase name="Test 34" classname="findCoverageAPI" time="0.258"/>
  <testcase name="Test 35" classname="findCoverageAPI" time="0.276"/>
  <testcase name="Test 36" classname="findCoverageAPI" time="0.283"/>
  <testcase name="Test 37" classname="findCoverageAPI" time="0.263"/>
  <testcase name="Test 38" classname="findCoverageAPI" time="0.273"/>
  <testcase name="Test 39" classname="findCoverageAPI" time="0.259"/>
  <testcase name="Test 40" classname="findCoverageAPI" time="0.286"/>
  <testcase name="Test 41" classname="findCoverageAPI" time="0.27"/>
  <testcase name="Test 42" classname="findCoverageAPI" time="0.261"/>
  <testcase name="Test 43" classname="findCoverageAPI" time="0.35"/>
  <testcase name="Test 44" classname="findCoverageAPI" time="0.333"/>
  <testcase name="Test 45" classname="findCoverageAPI" time="0.283"/>
  <testcase name="Test 46" classname="findCoverageAPI" time="0.282"/>
  <testcase name="Test 47" classname="findCoverageAPI" time="0.294"/>
  <testcase name="Test 48" classname="findCoverageAPI" time="0.284"/>
  <testcase name="Test 49" classname="findCoverageAPI" time="0.267"/>
  <testcase name="Test 50" classname="findCoverageAPI" time="0.278"/>
  <testcase name="Test 51" classname="findCoverageAPI" time="0.276"/>
  <testcase name="Test 52" classname="findCoverageAPI" time="0.27"/>
  <testcase name="Test 53" classname="findCoverageAPI" time="0.26"/>
  <testcase name="Test 54" classname="findCoverageAPI" time="0.294"/>
  <testcase name="Test 55" classname="findCoverageAPI" time="0.283"/>
  <testcase name="Test 56" classname="findCoverageAPI" time="0.278"/>
  <system-out><![CDATA[]]></system-out>
  <system-err><![CDATA[]]></system-err>
</testsuite>
